<?xml version="1.0" encoding="UTF-8"?>
<testsuite name="com.jobhunter.BasicTest" tests="2" skipped="0" failures="0" errors="0" timestamp="2025-09-28T04:15:20.017Z" hostname="Gouravs-MacBook-Air.local" time="0.011">
  <properties/>
  <testcase name="Should verify that basic tests work" classname="com.jobhunter.BasicTest" time="0.009"/>
  <testcase name="Should verify Job Hunter Bot setup" classname="com.jobhunter.BasicTest" time="0.001"/>
  <system-out><![CDATA[]]></system-out>
  <system-err><![CDATA[]]></system-err>
</testsuite>
